Determining if the pthread_create exist failed with the following output:
Change Dir: /home/chirag/vision/SLAM/src/ORB_SLAM2/Examples/ROS/ORB_SLAM2/build/CMakeFiles/CMakeTmp

Run Build Command:"/usr/bin/make" "cmTC_a94ac/fast"
/usr/bin/make -f CMakeFiles/cmTC_a94ac.dir/build.make CMakeFiles/cmTC_a94ac.dir/build
make[1]: Entering directory '/home/chirag/vision/SLAM/src/ORB_SLAM2/Examples/ROS/ORB_SLAM2/build/CMakeFiles/CMakeTmp'
Building C object CMakeFiles/cmTC_a94ac.dir/CheckSymbolExists.c.o
/usr/bin/cc     -o CMakeFiles/cmTC_a94ac.dir/CheckSymbolExists.c.o   -c /home/chirag/vision/SLAM/src/ORB_SLAM2/Examples/ROS/ORB_SLAM2/build/CMakeFiles/CMakeTmp/CheckSymbolExists.c
Linking C executable cmTC_a94ac
/usr/bin/cmake -E cmake_link_script CMakeFiles/cmTC_a94ac.dir/link.txt --verbose=1
/usr/bin/cc       CMakeFiles/cmTC_a94ac.dir/CheckSymbolExists.c.o  -o cmTC_a94ac -rdynamic 
CMakeFiles/cmTC_a94ac.dir/CheckSymbolExists.c.o: In function `main':
CheckSymbolExists.c:(.text+0x16): undefined reference to `pthread_create'
collect2: error: ld returned 1 exit status
CMakeFiles/cmTC_a94ac.dir/build.make:97: recipe for target 'cmTC_a94ac' failed
make[1]: *** [cmTC_a94ac] Error 1
make[1]: Leaving directory '/home/chirag/vision/SLAM/src/ORB_SLAM2/Examples/ROS/ORB_SLAM2/build/CMakeFiles/CMakeTmp'
Makefile:126: recipe for target 'cmTC_a94ac/fast' failed
make: *** [cmTC_a94ac/fast] Error 2

File /home/chirag/vision/SLAM/src/ORB_SLAM2/Examples/ROS/ORB_SLAM2/build/CMakeFiles/CMakeTmp/CheckSymbolExists.c:
/* */
#include <pthread.h>

int main(int argc, char** argv)
{
  (void)argv;
#ifndef pthread_create
  return ((int*)(&pthread_create))[argc];
#else
  (void)argc;
  return 0;
#endif
}

Determining if the function pthread_create exists in the pthreads failed with the following output:
Change Dir: /home/chirag/vision/SLAM/src/ORB_SLAM2/Examples/ROS/ORB_SLAM2/build/CMakeFiles/CMakeTmp

Run Build Command:"/usr/bin/make" "cmTC_f1dbb/fast"
/usr/bin/make -f CMakeFiles/cmTC_f1dbb.dir/build.make CMakeFiles/cmTC_f1dbb.dir/build
make[1]: Entering directory '/home/chirag/vision/SLAM/src/ORB_SLAM2/Examples/ROS/ORB_SLAM2/build/CMakeFiles/CMakeTmp'
Building C object CMakeFiles/cmTC_f1dbb.dir/CheckFunctionExists.c.o
/usr/bin/cc    -DCHECK_FUNCTION_EXISTS=pthread_create   -o CMakeFiles/cmTC_f1dbb.dir/CheckFunctionExists.c.o   -c /usr/share/cmake-3.5/Modules/CheckFunctionExists.c
Linking C executable cmTC_f1dbb
/usr/bin/cmake -E cmake_link_script CMakeFiles/cmTC_f1dbb.dir/link.txt --verbose=1
/usr/bin/cc   -DCHECK_FUNCTION_EXISTS=pthread_create    CMakeFiles/cmTC_f1dbb.dir/CheckFunctionExists.c.o  -o cmTC_f1dbb -rdynamic -lpthreads 
/usr/bin/ld: cannot find -lpthreads
collect2: error: ld returned 1 exit status
CMakeFiles/cmTC_f1dbb.dir/build.make:97: recipe for target 'cmTC_f1dbb' failed
make[1]: *** [cmTC_f1dbb] Error 1
make[1]: Leaving directory '/home/chirag/vision/SLAM/src/ORB_SLAM2/Examples/ROS/ORB_SLAM2/build/CMakeFiles/CMakeTmp'
Makefile:126: recipe for target 'cmTC_f1dbb/fast' failed
make: *** [cmTC_f1dbb/fast] Error 2


